<?xml version="1.0" encoding="UTF-8" ?>
<testsuite failures="0" time="4.83" errors="0" skipped="0" tests="1" name="com.yang.maven.TestSpringProInfoService">
  <properties>
    <property name="java.runtime.name" value="Java(TM) SE Runtime Environment"/>
    <property name="sun.boot.library.path" value="D:\jdk1.7.0_17_32bit\jre\bin"/>
    <property name="java.vm.version" value="23.7-b01"/>
    <property name="java.vm.vendor" value="Oracle Corporation"/>
    <property name="java.vendor.url" value="http://java.oracle.com/"/>
    <property name="path.separator" value=";"/>
    <property name="guice.disable.misplaced.annotation.check" value="true"/>
    <property name="java.vm.name" value="Java HotSpot(TM) Client VM"/>
    <property name="file.encoding.pkg" value="sun.io"/>
    <property name="user.script" value=""/>
    <property name="user.country" value="CN"/>
    <property name="sun.java.launcher" value="SUN_STANDARD"/>
    <property name="sun.os.patch.level" value="Service Pack 1"/>
    <property name="java.vm.specification.name" value="Java Virtual Machine Specification"/>
    <property name="user.dir" value="F:\workspace\tiyan"/>
    <property name="java.runtime.version" value="1.7.0_17-b02"/>
    <property name="java.awt.graphicsenv" value="sun.awt.Win32GraphicsEnvironment"/>
    <property name="java.endorsed.dirs" value="D:\jdk1.7.0_17_32bit\jre\lib\endorsed"/>
    <property name="os.arch" value="x86"/>
    <property name="java.io.tmpdir" value="C:\Users\ADMINI~1\AppData\Local\Temp\"/>
    <property name="line.separator" value="
"/>
    <property name="java.vm.specification.vendor" value="Oracle Corporation"/>
    <property name="user.variant" value=""/>
    <property name="os.name" value="Windows 7"/>
    <property name="classworlds.conf" value="F:\workspace\.metadata\.plugins\org.maven.ide.eclipse\launches\m2conf4399181494556780076.tmp"/>
    <property name="sun.jnu.encoding" value="GBK"/>
    <property name="java.library.path" value="D:\jdk1.7.0_17_32bit\bin;C:\Windows\Sun\Java\bin;C:\Windows\system32;C:\Windows;D:/jdk1.7.0_17_32bit/bin/../jre/bin/client;D:/jdk1.7.0_17_32bit/bin/../jre/bin;D:/jdk1.7.0_17_32bit/bin/../jre/lib/i386;D:\app\201212200094\product\11.2.0\dbhome_1\bin;.;D:\jdk1.7.0_17_32bit\bin;C:\Windows\system32;C:\Windows;C:\Windows\System32\Wbem;C:\Windows\System32\WindowsPowerShell\v1.0\;D:\jdk1.7.0_17_32bit\jre6\bin;D:\jdk1.7.0_17_32bit\lib\dt.jar;D:\jdk1.7.0_17_32bit\lib\tools.jar;C:\Program Files\TortoiseSVN\bin;D:\softdir\nodejs\;D:\softdir\Git\cmd;D:\android\sdk\platform-tools;D:\android\sdk\tools;E:\apache-maven-3.1.0-alpha-1\bin;C:\Users\Administrator\AppData\Roaming\npm;E:\eclipse-chuanle\eclipse-chuanle\eclipse;;."/>
    <property name="java.specification.name" value="Java Platform API Specification"/>
    <property name="java.class.version" value="51.0"/>
    <property name="sun.management.compiler" value="HotSpot Client Compiler"/>
    <property name="os.version" value="6.1"/>
    <property name="user.home" value="C:\Users\Administrator"/>
    <property name="user.timezone" value="Asia/Shanghai"/>
    <property name="java.awt.printerjob" value="sun.awt.windows.WPrinterJob"/>
    <property name="java.specification.version" value="1.7"/>
    <property name="file.encoding" value="UTF-8"/>
    <property name="user.name" value="201212200094"/>
    <property name="java.class.path" value="E:\maven3\boot\plexus-classworlds-2.5.1.jar"/>
    <property name="org.slf4j.simpleLogger.defaultLogLevel" value="info"/>
    <property name="java.vm.specification.version" value="1.7"/>
    <property name="sun.arch.data.model" value="32"/>
    <property name="java.home" value="D:\jdk1.7.0_17_32bit\jre"/>
    <property name="sun.java.command" value="org.codehaus.classworlds.Launcher -B -s E:\maven3\conf\settings.xml package"/>
    <property name="java.specification.vendor" value="Oracle Corporation"/>
    <property name="user.language" value="zh"/>
    <property name="awt.toolkit" value="sun.awt.windows.WToolkit"/>
    <property name="java.vm.info" value="mixed mode"/>
    <property name="java.version" value="1.7.0_17"/>
    <property name="java.ext.dirs" value="D:\jdk1.7.0_17_32bit\jre\lib\ext;C:\Windows\Sun\Java\lib\ext"/>
    <property name="sun.boot.class.path" value="D:\jdk1.7.0_17_32bit\jre\lib\resources.jar;D:\jdk1.7.0_17_32bit\jre\lib\rt.jar;D:\jdk1.7.0_17_32bit\jre\lib\sunrsasign.jar;D:\jdk1.7.0_17_32bit\jre\lib\jsse.jar;D:\jdk1.7.0_17_32bit\jre\lib\jce.jar;D:\jdk1.7.0_17_32bit\jre\lib\charsets.jar;D:\jdk1.7.0_17_32bit\jre\lib\jfr.jar;D:\jdk1.7.0_17_32bit\jre\classes"/>
    <property name="java.vendor" value="Oracle Corporation"/>
    <property name="maven.home" value="E:\maven3"/>
    <property name="file.separator" value="\"/>
    <property name="java.vendor.url.bug" value="http://bugreport.sun.com/bugreport/"/>
    <property name="sun.cpu.endian" value="little"/>
    <property name="sun.io.unicode.encoding" value="UnicodeLittle"/>
    <property name="sun.desktop" value="windows"/>
    <property name="sun.cpu.isalist" value="pentium_pro+mmx pentium_pro pentium+mmx pentium i486 i386 i86"/>
  </properties>
  <testcase time="4.83" classname="com.yang.maven.TestSpringProInfoService" name="testProInfoService"/>
</testsuite>